1541072604480	mozrunner::runner	INFO	Running command: "/Applications/Firefox.app/Contents/MacOS/firefox-bin" "-marionette" "-headless" "-foreground" "-no-remote" "-profile" "/var/folders/kn/bjb0w7nx061145pnsxtwzpgc0000gn/T/rust_mozprofile.vcsaXRIJIsec"
*** You are running in headless mode.
*** You are running in headless mode.
1541072615238	Marionette	INFO	Enabled via --marionette
2018-11-01 19:43:37.357 plugin-container[5035:173624] *** CFMessagePort: bootstrap_register(): failed 1100 (0x44c) 'Permission denied', port = 0x8043, name = 'com.apple.tsm.portname'
See /usr/include/servers/bootstrap_defs.h for the error codes.
2018-11-01 19:43:37.793 plugin-container[5035:173624] unable to obtain configuration from file:///Library/Preferences/com.apple.ViewBridge.plist due to Error Domain=NSCocoaErrorDomain Code=257 "The file “com.apple.ViewBridge.plist” couldn’t be opened because you don’t have permission to view it." UserInfo={NSFilePath=/Library/Preferences/com.apple.ViewBridge.plist, NSUnderlyingError=0x1149e0d60 {Error Domain=NSPOSIXErrorDomain Code=1 "Operation not permitted"}}
2018-11-01 19:43:37.798 plugin-container[5035:173626] +[NSXPCSharedListener endpointForReply:withListenerName:]: an error occurred while attempting to obtain endpoint for listener 'ClientCallsAuxiliary': Connection invalid
2018-11-01 19:43:38.079 plugin-container[5036:173683] *** CFMessagePort: bootstrap_register(): failed 1100 (0x44c) 'Permission denied', port = 0x793b, name = 'com.apple.tsm.portname'
See /usr/include/servers/bootstrap_defs.h for the error codes.
1541072618110	Marionette	INFO	Listening on port 57900
2018-11-01 19:43:38.353 plugin-container[5036:173683] unable to obtain configuration from file:///Library/Preferences/com.apple.ViewBridge.plist due to Error Domain=NSCocoaErrorDomain Code=257 "The file “com.apple.ViewBridge.plist” couldn’t be opened because you don’t have permission to view it." UserInfo={NSFilePath=/Library/Preferences/com.apple.ViewBridge.plist, NSUnderlyingError=0x11642de80 {Error Domain=NSPOSIXErrorDomain Code=1 "Operation not permitted"}}
2018-11-01 19:43:38.357 plugin-container[5036:173692] +[NSXPCSharedListener endpointForReply:withListenerName:]: an error occurred while attempting to obtain endpoint for listener 'ClientCallsAuxiliary': Connection invalid
1541072624925	mozrunner::runner	INFO	Running command: "/Applications/Firefox.app/Contents/MacOS/firefox-bin" "-marionette" "-headless" "-foreground" "-no-remote" "-profile" "/var/folders/kn/bjb0w7nx061145pnsxtwzpgc0000gn/T/rust_mozprofile.OcaU9fQwDtzg"
*** You are running in headless mode.
1541072626078	Marionette	INFO	Enabled via --marionette
2018-11-01 19:43:48.088 plugin-container[5046:173994] *** CFMessagePort: bootstrap_register(): failed 1100 (0x44c) 'Permission denied', port = 0x7e07, name = 'com.apple.tsm.portname'
See /usr/include/servers/bootstrap_defs.h for the error codes.
2018-11-01 19:43:48.603 plugin-container[5046:173994] unable to obtain configuration from file:///Library/Preferences/com.apple.ViewBridge.plist due to Error Domain=NSCocoaErrorDomain Code=257 "The file “com.apple.ViewBridge.plist” couldn’t be opened because you don’t have permission to view it." UserInfo={NSFilePath=/Library/Preferences/com.apple.ViewBridge.plist, NSUnderlyingError=0x11990ab80 {Error Domain=NSPOSIXErrorDomain Code=1 "Operation not permitted"}}
2018-11-01 19:43:48.613 plugin-container[5046:173997] +[NSXPCSharedListener endpointForReply:withListenerName:]: an error occurred while attempting to obtain endpoint for listener 'ClientCallsAuxiliary': Connection invalid
2018-11-01 19:43:49.040 plugin-container[5048:174055] *** CFMessagePort: bootstrap_register(): failed 1100 (0x44c) 'Permission denied', port = 0x8443, name = 'com.apple.tsm.portname'
See /usr/include/servers/bootstrap_defs.h for the error codes.
2018-11-01 19:43:49.422 plugin-container[5048:174055] unable to obtain configuration from file:///Library/Preferences/com.apple.ViewBridge.plist due to Error Domain=NSCocoaErrorDomain Code=257 "The file “com.apple.ViewBridge.plist” couldn’t be opened because you don’t have permission to view it." UserInfo={NSFilePath=/Library/Preferences/com.apple.ViewBridge.plist, NSUnderlyingError=0x10a529d90 {Error Domain=NSPOSIXErrorDomain Code=1 "Operation not permitted"}}
2018-11-01 19:43:49.427 plugin-container[5048:174066] +[NSXPCSharedListener endpointForReply:withListenerName:]: an error occurred while attempting to obtain endpoint for listener 'ClientCallsAuxiliary': Connection invalid
1541072629570	Marionette	INFO	Listening on port 57936
1541072629660	Marionette	WARN	TLS certificate errors will be ignored for this session
1541072630876	addons.xpi	WARN	Exception running bootstrap method shutdown on activity-stream@mozilla.org: [Exception... "Component returned failure code: 0x80004005 (NS_ERROR_FAILURE) [nsIObserverService.removeObserver]"  nsresult: "0x80004005 (NS_ERROR_FAILURE)"  location: "JS frame :: resource://activity-stream/lib/SnippetsFeed.jsm :: uninit :: line 125"  data: no] Stack trace: uninit()@resource://activity-stream/lib/SnippetsFeed.jsm:125 < onAction()@resource://activity-stream/lib/SnippetsFeed.jsm:141 < _middleware/</<()@resource://activity-stream/lib/Store.jsm:51 < Store/this[method]()@resource://activity-stream/lib/Store.jsm:30 < uninit()@resource://activity-stream/lib/Store.jsm:153 < uninit()@resource://activity-stream/lib/ActivityStream.jsm:274 < uninit()@resource://gre/modules/addons/XPIProvider.jsm -> jar:file:///Applications/Firefox.app/Contents/Resources/browser/features/activity-stream@mozilla.org.xpi!/bootstrap.js:80 < shutdown()@resource://gre/modules/addons/XPIProvider.jsm -> jar:file:///Applications/Firefox.app/Contents/Resources/browser/features/activity-stream@mozilla.org.xpi!/bootstrap.js:196 < callBootstrapMethod()@resource://gre/modules/addons/XPIProvider.jsm:4419 < observe()@resource://gre/modules/addons/XPIProvider.jsm:2279 < GeckoDriver.prototype.quit()@driver.js:3270 < despatch()@server.js:557 < execute()@server.js:531 < onPacket/<()@server.js:506 < onPacket()@server.js:505 < _onJSONObjectReady/<()@transport.js:500
*** UTM:SVC TimerManager:registerTimer called after profile-before-change notification. Ignoring timer registration for id: telemetry_modules_ping
1541072639063	mozrunner::runner	INFO	Running command: "/Applications/Firefox.app/Contents/MacOS/firefox-bin" "-marionette" "-headless" "-foreground" "-no-remote" "-profile" "/var/folders/kn/bjb0w7nx061145pnsxtwzpgc0000gn/T/rust_mozprofile.lZGcXKZrnvZV"
*** You are running in headless mode.
1541072639886	Marionette	INFO	Enabled via --marionette
2018-11-01 19:44:01.223 plugin-container[5067:174382] *** CFMessagePort: bootstrap_register(): failed 1100 (0x44c) 'Permission denied', port = 0x7d43, name = 'com.apple.tsm.portname'
See /usr/include/servers/bootstrap_defs.h for the error codes.
2018-11-01 19:44:01.475 plugin-container[5067:174382] unable to obtain configuration from file:///Library/Preferences/com.apple.ViewBridge.plist due to Error Domain=NSCocoaErrorDomain Code=257 "The file “com.apple.ViewBridge.plist” couldn’t be opened because you don’t have permission to view it." UserInfo={NSFilePath=/Library/Preferences/com.apple.ViewBridge.plist, NSUnderlyingError=0x113523250 {Error Domain=NSPOSIXErrorDomain Code=1 "Operation not permitted"}}
2018-11-01 19:44:01.480 plugin-container[5067:174393] +[NSXPCSharedListener endpointForReply:withListenerName:]: an error occurred while attempting to obtain endpoint for listener 'ClientCallsAuxiliary': Connection invalid
1541072641700	Marionette	INFO	Listening on port 58015
1541072641732	Marionette	WARN	TLS certificate errors will be ignored for this session
2018-11-01 19:44:02.399 plugin-container[5068:174459] *** CFMessagePort: bootstrap_register(): failed 1100 (0x44c) 'Permission denied', port = 0x873b, name = 'com.apple.tsm.portname'
See /usr/include/servers/bootstrap_defs.h for the error codes.
2018-11-01 19:44:02.699 plugin-container[5068:174459] unable to obtain configuration from file:///Library/Preferences/com.apple.ViewBridge.plist due to Error Domain=NSCocoaErrorDomain Code=257 "The file “com.apple.ViewBridge.plist” couldn’t be opened because you don’t have permission to view it." UserInfo={NSFilePath=/Library/Preferences/com.apple.ViewBridge.plist, NSUnderlyingError=0x10ef2ee80 {Error Domain=NSPOSIXErrorDomain Code=1 "Operation not permitted"}}
2018-11-01 19:44:02.703 plugin-container[5068:174461] +[NSXPCSharedListener endpointForReply:withListenerName:]: an error occurred while attempting to obtain endpoint for listener 'ClientCallsAuxiliary': Connection invalid
1541072642874	addons.xpi	WARN	Exception running bootstrap method shutdown on activity-stream@mozilla.org: [Exception... "Component returned failure code: 0x80004005 (NS_ERROR_FAILURE) [nsIObserverService.removeObserver]"  nsresult: "0x80004005 (NS_ERROR_FAILURE)"  location: "JS frame :: resource://activity-stream/lib/SnippetsFeed.jsm :: uninit :: line 125"  data: no] Stack trace: uninit()@resource://activity-stream/lib/SnippetsFeed.jsm:125 < onAction()@resource://activity-stream/lib/SnippetsFeed.jsm:141 < _middleware/</<()@resource://activity-stream/lib/Store.jsm:51 < Store/this[method]()@resource://activity-stream/lib/Store.jsm:30 < uninit()@resource://activity-stream/lib/Store.jsm:153 < uninit()@resource://activity-stream/lib/ActivityStream.jsm:274 < uninit()@resource://gre/modules/addons/XPIProvider.jsm -> jar:file:///Applications/Firefox.app/Contents/Resources/browser/features/activity-stream@mozilla.org.xpi!/bootstrap.js:80 < shutdown()@resource://gre/modules/addons/XPIProvider.jsm -> jar:file:///Applications/Firefox.app/Contents/Resources/browser/features/activity-stream@mozilla.org.xpi!/bootstrap.js:196 < callBootstrapMethod()@resource://gre/modules/addons/XPIProvider.jsm:4419 < observe()@resource://gre/modules/addons/XPIProvider.jsm:2279 < GeckoDriver.prototype.quit()@driver.js:3270 < despatch()@server.js:557 < execute()@server.js:531 < onPacket/<()@server.js:506 < onPacket()@server.js:505 < _onJSONObjectReady/<()@transport.js:500
*** UTM:SVC TimerManager:registerTimer called after profile-before-change notification. Ignoring timer registration for id: telemetry_modules_ping
